<?xml version="1.0" encoding="UTF-8"?>
<persistence version="2.1" xmlns="http://xmlns.jcp.org/xml/ns/persistence" xmlns:xsi="http://www.w3.org/2001/XMLSchema-instance" xsi:schemaLocation="http://xmlns.jcp.org/xml/ns/persistence http://xmlns.jcp.org/xml/ns/persistence/persistence_2_1.xsd">
    <persistence-unit name="test_com.blazartech_Scrabble-data_jar_1.0-SNAPSHOTPU" transaction-type="RESOURCE_LOCAL">
        <provider>org.hibernate.ejb.HibernatePersistence</provider>
        <class>com.blazartech.scrabble.data.entity.PlayerEntity</class>
        <class>com.blazartech.scrabble.data.entity.GameEntity</class>
        <class>com.blazartech.scrabble.data.entity.GamePlayerEntity</class>
        <class>com.blazartech.scrabble.data.entity.GamePlayerRoundEntity</class>
    </persistence-unit>
    <properties>
        <property name="javax.persistence.schema-generation.database.action" value="drop-and-create" />
        <property name="hibernate.hbm2ddl.auto" value="create-drop" />
    </properties>
</persistence>
